Start testing: Sep 16 20:21 GMT Daylight Time
----------------------------------------------------------
1/3 Testing: test_order_book
1/3 Test: test_order_book
Command: "C:/Users/Alex/OneDrive/Code/OrderBook/build_fresh/test_order_book.exe"
Directory: C:/Users/Alex/OneDrive/Code/OrderBook/build_fresh
"test_order_book" start time: Sep 16 20:21 GMT Daylight Time
Output:
----------------------------------------------------------
All order tests passed!
<end of output>
Test time =   0.12 sec
----------------------------------------------------------
Test Passed.
"test_order_book" end time: Sep 16 20:21 GMT Daylight Time
"test_order_book" time elapsed: 00:00:00
----------------------------------------------------------

2/3 Testing: test_price_level
2/3 Test: test_price_level
Command: "C:/Users/Alex/OneDrive/Code/OrderBook/build_fresh/test_price_level.exe"
Directory: C:/Users/Alex/OneDrive/Code/OrderBook/build_fresh
"test_price_level" start time: Sep 16 20:21 GMT Daylight Time
Output:
----------------------------------------------------------
All price level tests passed!
<end of output>
Test time =   0.04 sec
----------------------------------------------------------
Test Passed.
"test_price_level" end time: Sep 16 20:21 GMT Daylight Time
"test_price_level" time elapsed: 00:00:00
----------------------------------------------------------

3/3 Testing: test_matching
3/3 Test: test_matching
Command: "C:/Users/Alex/OneDrive/Code/OrderBook/build_fresh/test_matching.exe"
Directory: C:/Users/Alex/OneDrive/Code/OrderBook/build_fresh
"test_matching" start time: Sep 16 20:21 GMT Daylight Time
Output:
----------------------------------------------------------
All matching tests passed!
<end of output>
Test time =   0.05 sec
----------------------------------------------------------
Test Passed.
"test_matching" end time: Sep 16 20:21 GMT Daylight Time
"test_matching" time elapsed: 00:00:00
----------------------------------------------------------

End testing: Sep 16 20:21 GMT Daylight Time
